0 info it worked if it ends with ok
1 verbose cli [ 'node', '/usr/bin/npm', 'install' ]
2 info using npm@2.0.0-alpha-5
3 info using node@v0.10.29
4 verbose node symlink /usr/bin/node
5 warn package.json spa@0.0.0 No description
6 warn package.json spa@0.0.0 No repository field.
7 warn package.json spa@0.0.0 No README data
8 verbose readDependencies using package.json deps
9 verbose install where, deps [ '/home/maximo/Documentos/abanking_front/SPA',
9 verbose install   [ 'grunt',
9 verbose install     'grunt-autoprefixer',
9 verbose install     'grunt-bower-install',
9 verbose install     'grunt-concurrent',
9 verbose install     'grunt-contrib-clean',
9 verbose install     'grunt-contrib-coffee',
9 verbose install     'grunt-contrib-compass',
9 verbose install     'grunt-contrib-concat',
9 verbose install     'grunt-contrib-connect',
9 verbose install     'grunt-contrib-copy',
9 verbose install     'grunt-contrib-cssmin',
9 verbose install     'grunt-contrib-htmlmin',
9 verbose install     'grunt-contrib-imagemin',
9 verbose install     'grunt-contrib-jshint',
9 verbose install     'grunt-contrib-uglify',
9 verbose install     'grunt-contrib-watch',
9 verbose install     'grunt-google-cdn',
9 verbose install     'grunt-newer',
9 verbose install     'grunt-ngmin',
9 verbose install     'grunt-rev',
9 verbose install     'grunt-svgmin',
9 verbose install     'grunt-usemin',
9 verbose install     'jshint-stylish',
9 verbose install     'load-grunt-tasks',
9 verbose install     'time-grunt',
9 verbose install     'karma-ng-html2js-preprocessor',
9 verbose install     'karma-ng-scenario',
9 verbose install     'grunt-karma',
9 verbose install     'grunt-connect-proxy' ] ]
10 info preinstall spa@0.0.0
11 verbose readDependencies using package.json deps
12 verbose already installed skipping grunt-bower-install@~0.7.0 /home/maximo/Documentos/abanking_front/SPA
13 verbose already installed skipping grunt@~0.4.1 /home/maximo/Documentos/abanking_front/SPA
14 verbose already installed skipping grunt-autoprefixer@~0.4.0 /home/maximo/Documentos/abanking_front/SPA
15 verbose already installed skipping grunt-concurrent@~0.4.1 /home/maximo/Documentos/abanking_front/SPA
16 verbose already installed skipping grunt-contrib-clean@~0.5.0 /home/maximo/Documentos/abanking_front/SPA
17 verbose already installed skipping grunt-contrib-coffee@~0.7.0 /home/maximo/Documentos/abanking_front/SPA
18 verbose already installed skipping grunt-contrib-compass@~0.6.0 /home/maximo/Documentos/abanking_front/SPA
19 verbose already installed skipping grunt-contrib-concat@~0.3.0 /home/maximo/Documentos/abanking_front/SPA
20 verbose already installed skipping grunt-contrib-copy@~0.4.1 /home/maximo/Documentos/abanking_front/SPA
21 verbose already installed skipping grunt-contrib-connect@~0.5.0 /home/maximo/Documentos/abanking_front/SPA
22 verbose already installed skipping grunt-contrib-cssmin@~0.7.0 /home/maximo/Documentos/abanking_front/SPA
23 verbose already installed skipping grunt-contrib-htmlmin@~0.1.3 /home/maximo/Documentos/abanking_front/SPA
24 verbose already installed skipping grunt-contrib-imagemin@~0.3.0 /home/maximo/Documentos/abanking_front/SPA
25 verbose already installed skipping grunt-contrib-uglify@~0.2.0 /home/maximo/Documentos/abanking_front/SPA
26 verbose already installed skipping grunt-contrib-jshint@~0.7.1 /home/maximo/Documentos/abanking_front/SPA
27 verbose already installed skipping grunt-contrib-watch@~0.5.2 /home/maximo/Documentos/abanking_front/SPA
28 verbose already installed skipping grunt-google-cdn@~0.2.0 /home/maximo/Documentos/abanking_front/SPA
29 verbose already installed skipping grunt-ngmin@~0.0.2 /home/maximo/Documentos/abanking_front/SPA
30 verbose already installed skipping grunt-newer@~0.5.4 /home/maximo/Documentos/abanking_front/SPA
31 verbose already installed skipping grunt-rev@~0.1.0 /home/maximo/Documentos/abanking_front/SPA
32 verbose already installed skipping grunt-svgmin@~0.2.0 /home/maximo/Documentos/abanking_front/SPA
33 verbose already installed skipping jshint-stylish@~0.1.3 /home/maximo/Documentos/abanking_front/SPA
34 verbose already installed skipping grunt-usemin@~2.0.0 /home/maximo/Documentos/abanking_front/SPA
35 verbose already installed skipping load-grunt-tasks@~0.2.0 /home/maximo/Documentos/abanking_front/SPA
36 verbose already installed skipping time-grunt@~0.2.1 /home/maximo/Documentos/abanking_front/SPA
37 verbose already installed skipping karma-ng-html2js-preprocessor@~0.1.0 /home/maximo/Documentos/abanking_front/SPA
38 verbose already installed skipping grunt-karma@~0.6.2 /home/maximo/Documentos/abanking_front/SPA
39 verbose already installed skipping karma-ng-scenario@~0.1.0 /home/maximo/Documentos/abanking_front/SPA
40 verbose already installed skipping grunt-connect-proxy@~0.1.7 /home/maximo/Documentos/abanking_front/SPA
41 silly resolved []
42 info build /home/maximo/Documentos/abanking_front/SPA
43 verbose linkStuff [ false, false, false, '/home/maximo/Documentos/abanking_front' ]
44 info linkStuff spa@0.0.0
45 verbose linkBins spa@0.0.0
46 verbose linkMans spa@0.0.0
47 verbose rebuildBundles spa@0.0.0
48 verbose rebuildBundles [ '.bin',
48 verbose rebuildBundles   'grunt',
48 verbose rebuildBundles   'grunt-autoprefixer',
48 verbose rebuildBundles   'grunt-bower-install',
48 verbose rebuildBundles   'grunt-concurrent',
48 verbose rebuildBundles   'grunt-connect-proxy',
48 verbose rebuildBundles   'grunt-contrib-clean',
48 verbose rebuildBundles   'grunt-contrib-coffee',
48 verbose rebuildBundles   'grunt-contrib-compass',
48 verbose rebuildBundles   'grunt-contrib-concat',
48 verbose rebuildBundles   'grunt-contrib-connect',
48 verbose rebuildBundles   'grunt-contrib-copy',
48 verbose rebuildBundles   'grunt-contrib-cssmin',
48 verbose rebuildBundles   'grunt-contrib-htmlmin',
48 verbose rebuildBundles   'grunt-contrib-imagemin',
48 verbose rebuildBundles   'grunt-contrib-jshint',
48 verbose rebuildBundles   'grunt-contrib-uglify',
48 verbose rebuildBundles   'grunt-contrib-watch',
48 verbose rebuildBundles   'grunt-google-cdn',
48 verbose rebuildBundles   'grunt-karma',
48 verbose rebuildBundles   'grunt-newer',
48 verbose rebuildBundles   'grunt-ngmin',
48 verbose rebuildBundles   'grunt-rev',
48 verbose rebuildBundles   'grunt-svgmin',
48 verbose rebuildBundles   'grunt-usemin',
48 verbose rebuildBundles   'jshint-stylish',
48 verbose rebuildBundles   'karma',
48 verbose rebuildBundles   'karma-ng-html2js-preprocessor',
48 verbose rebuildBundles   'karma-ng-scenario',
48 verbose rebuildBundles   'load-grunt-tasks',
48 verbose rebuildBundles   'time-grunt' ]
49 verbose rebuild bundle /home/maximo/Documentos/abanking_front/SPA/node_modules/karma
50 info build /home/maximo/Documentos/abanking_front/SPA/node_modules/karma
51 info preinstall karma@0.12.23
52 verbose linkStuff [ false,
52 verbose linkStuff   false,
52 verbose linkStuff   false,
52 verbose linkStuff   '/home/maximo/Documentos/abanking_front/SPA/node_modules' ]
53 info linkStuff karma@0.12.23
54 verbose linkBins karma@0.12.23
55 verbose link bins [ {},
55 verbose link bins   '/home/maximo/Documentos/abanking_front/SPA/node_modules/.bin',
55 verbose link bins   false ]
56 verbose linkMans karma@0.12.23
57 verbose rebuildBundles karma@0.12.23
58 verbose rebuildBundles [ '.bin',
58 verbose rebuildBundles   'chokidar',
58 verbose rebuildBundles   'colors',
58 verbose rebuildBundles   'connect',
58 verbose rebuildBundles   'di',
58 verbose rebuildBundles   'glob',
58 verbose rebuildBundles   'graceful-fs',
58 verbose rebuildBundles   'http-proxy',
58 verbose rebuildBundles   'lodash',
58 verbose rebuildBundles   'log4js',
58 verbose rebuildBundles   'mime',
58 verbose rebuildBundles   'minimatch',
58 verbose rebuildBundles   'optimist',
58 verbose rebuildBundles   'q',
58 verbose rebuildBundles   'rimraf',
58 verbose rebuildBundles   'socket.io',
58 verbose rebuildBundles   'source-map',
58 verbose rebuildBundles   'useragent' ]
59 info install karma@0.12.23
60 info postinstall karma@0.12.23
61 info install spa@0.0.0
62 info postinstall spa@0.0.0
63 info prepublish spa@0.0.0
64 error peerinvalid The package karma does not satisfy its siblings' peerDependencies requirements!
64 error peerinvalid Peer karma-ng-html2js-preprocessor@0.1.0 wants karma@>=0.9
64 error peerinvalid Peer karma-ng-scenario@0.1.0 wants karma@>=0.9
64 error peerinvalid Peer grunt-karma@0.6.2 wants karma@~0.10.0
65 error System Linux 3.11.0-12-generic
66 error command "node" "/usr/bin/npm" "install"
67 error cwd /home/maximo/Documentos/abanking_front/SPA
68 error node -v v0.10.29
69 error npm -v 2.0.0-alpha-5
70 error code EPEERINVALID
71 verbose exit [ 1, true ]
